This file contains any messages produced by compilers while
running configure, to aid debugging if configure makes a mistake.

It was created by configure, which was
generated by GNU Autoconf 2.52.20200111.  Invocation command line was

  $ ./configure --with-shared --with-normal --with-debug --enable-overwrite

## ---------- ##
## Platform.  ##
## ---------- ##

hostname = VM-0-3-ubuntu
uname -m = x86_64
uname -r = 5.4.0-109-generic
uname -s = Linux
uname -v = #123-Ubuntu SMP Fri Apr 8 09:10:54 UTC 2022

/usr/bin/uname -p = x86_64
/bin/uname -X     = unknown

/bin/arch              = x86_64
/usr/bin/arch -k       = unknown
/usr/convex/getsysinfo = unknown
hostinfo               = unknown
/bin/machine           = unknown
/usr/bin/oslevel       = unknown
/bin/universe          = unknown

PATH = /home/ubuntu/.nvm/versions/node/v16.16.0/bin:/usr/local/sbin:/usr/local/bin:/usr/sbin:/usr/bin:/sbin:/bin:/usr/games:/usr/local/games:/snap/bin

## ------------ ##
## Core tests.  ##
## ------------ ##

configure:1150: PATH=".;."; conftest.sh
./configure: 1151: conftest.sh: not found
configure:1153: $? = 127
configure:1166: checking for egrep
configure:1176: result: grep -E
configure:1190: result: Configuring NCURSES 6.2 ABI 6 (Sun Jul 17 15:34:05 CST 2022)
configure:1194: checking for package version
configure:1215: result: 6.2
configure:1218: checking for package patch date
configure:1235: result: 20200212
configure:1246: testing ABI VERSION 5:0:10 ...
configure:1250: testing VERSION_MAJOR 6 ...
configure:1254: testing VERSION_MINOR 2 ...
configure:1258: testing VERSION_PATCH 20200212 ...
configure:1400: checking build system type
configure:1418: result: x86_64-pc-linux-gnu
configure:1425: checking host system type
configure:1439: result: x86_64-pc-linux-gnu
configure:1447: checking target system type
configure:1461: result: x86_64-pc-linux-gnu
configure:1493: result: Configuring for linux-gnu
configure:1519: checking for prefix
configure:1531: result: /usr
configure:1660: checking for gnatgcc
configure:1686: result: no
configure:1660: checking for gcc
configure:1675: found /usr/bin/gcc
configure:1683: result: gcc
configure:1701: checking for C compiler version
configure:1704: gcc --version </dev/null >&5
gcc (Ubuntu 9.4.0-1ubuntu1~20.04.1) 9.4.0
Copyright (C) 2019 Free Software Foundation, Inc.
This is free software; see the source for copying conditions.  There is NO
warranty; not even for MERCHANTABILITY or FITNESS FOR A PARTICULAR PURPOSE.

configure:1707: $? = 0
configure:1709: gcc -v </dev/null >&5
Using built-in specs.
COLLECT_GCC=gcc
COLLECT_LTO_WRAPPER=/usr/lib/gcc/x86_64-linux-gnu/9/lto-wrapper
OFFLOAD_TARGET_NAMES=nvptx-none:hsa
OFFLOAD_TARGET_DEFAULT=1
Target: x86_64-linux-gnu
Configured with: ../src/configure -v --with-pkgversion='Ubuntu 9.4.0-1ubuntu1~20.04.1' --with-bugurl=file:///usr/share/doc/gcc-9/README.Bugs --enable-languages=c,ada,c++,go,brig,d,fortran,objc,obj-c++,gm2 --prefix=/usr --with-gcc-major-version-only --program-suffix=-9 --program-prefix=x86_64-linux-gnu- --enable-shared --enable-linker-build-id --libexecdir=/usr/lib --without-included-gettext --enable-threads=posix --libdir=/usr/lib --enable-nls --enable-clocale=gnu --enable-libstdcxx-debug --enable-libstdcxx-time=yes --with-default-libstdcxx-abi=new --enable-gnu-unique-object --disable-vtable-verify --enable-plugin --enable-default-pie --with-system-zlib --with-target-system-zlib=auto --enable-objc-gc=auto --enable-multiarch --disable-werror --with-arch-32=i686 --with-abi=m64 --with-multilib-list=m32,m64,mx32 --enable-multilib --with-tune=generic --enable-offload-targets=nvptx-none=/build/gcc-9-Av3uEd/gcc-9-9.4.0/debian/tmp-nvptx/usr,hsa --without-cuda-driver --enable-checking=release --build=x86_64-linux-gnu --host=x86_64-linux-gnu --target=x86_64-linux-gnu
Thread model: posix
gcc version 9.4.0 (Ubuntu 9.4.0-1ubuntu1~20.04.1) 
configure:1712: $? = 0
configure:1714: gcc -V </dev/null >&5
gcc: error: unrecognized command line option '-V'
gcc: fatal error: no input files
compilation terminated.
configure:1717: $? = 1
configure:1737: checking for C compiler default output
configure:1740: gcc    conftest.c  >&5
configure:1743: $? = 0
configure:1772: result: a.out
configure:1777: checking whether the C compiler works
configure:1783: ./a.out
configure:1786: $? = 0
configure:1801: result: yes
configure:1808: checking whether we are cross compiling
configure:1810: result: no
configure:1813: checking for executable suffix
configure:1815: gcc -o conftest    conftest.c  >&5
configure:1818: $? = 0
configure:1840: result: 
configure:1846: checking for object suffix
configure:1864: gcc -c   conftest.c >&5
configure:1867: $? = 0
configure:1886: result: o
configure:1890: checking whether we are using the GNU C compiler
configure:1911: gcc -c   conftest.c >&5
configure:1914: $? = 0
configure:1917: test -s conftest.o
configure:1920: $? = 0
configure:1932: result: yes
configure:1938: checking whether gcc accepts -g
configure:1956: gcc -c -g  conftest.c >&5
configure:1959: $? = 0
configure:1962: test -s conftest.o
configure:1965: $? = 0
configure:1975: result: yes
configure:2002: gcc -c -g -O2  conftest.c >&5
conftest.c:2:3: error: unknown type name 'choke'
    2 |   choke me
      |   ^~~~~
conftest.c:2:3: error: expected '=', ',', ';', 'asm' or '__attribute__' at end of input
configure:2005: $? = 1
configure: failed program was:
#ifndef __cplusplus
  choke me
#endif
configure:2106: checking version of gcc
configure:2110: result: 9.4.0
configure:2119: checking if this is really Intel C compiler
configure:2141: gcc -c -g -O2 -no-gcc  conftest.c >&5
gcc: error: unrecognized command line option '-no-gcc'
configure:2144: $? = 1
configure: failed program was:
#line 2124 "configure"
#include "confdefs.h"

int
main (void)
{

#ifdef __INTEL_COMPILER
#else
make an error
#endif

  ;
  return 0;
}
configure:2161: result: no
configure:2170: checking if this is really Clang C compiler
configure:2192: gcc -c -g -O2 -Qunused-arguments  conftest.c >&5
gcc: error: unrecognized command line option '-Qunused-arguments'
configure:2195: $? = 1
configure: failed program was:
#line 2175 "configure"
#include "confdefs.h"

int
main (void)
{

#ifdef __clang__
#else
make an error
#endif

  ;
  return 0;
}
configure:2212: result: no
configure:2216: checking for gcc option to accept ANSI C
configure:2273: gcc  -c -g -O2  conftest.c >&5
configure:2276: $? = 0
configure:2279: test -s conftest.o
configure:2282: $? = 0
configure:2299: result: none needed
configure:2310: checking $CFLAGS variable
configure:2424: result: ok
configure:2429: checking $CC variable
configure:2564: result: ok
configure:2575: checking how to run the C preprocessor
configure:2601: gcc -E  conftest.c
configure:2607: $? = 0
configure:2634: gcc -E  conftest.c
configure:2631:10: fatal error: ac_nonexistent.h: No such file or directory
 2631 | #include "confdefs.h"
      |          ^~~~~~~~~~~~      
compilation terminated.
configure:2640: $? = 1
configure: failed program was:
#line 2630 "configure"
#include "confdefs.h"
#include <ac_nonexistent.h>
configure:2677: result: gcc -E
configure:2692: gcc -E  conftest.c
configure:2698: $? = 0
configure:2725: gcc -E  conftest.c
configure:2722:10: fatal error: ac_nonexistent.h: No such file or directory
 2722 | #include "confdefs.h"
      |          ^~~~~~~~~~~~      
compilation terminated.
configure:2731: $? = 1
configure: failed program was:
#line 2721 "configure"
#include "confdefs.h"
#include <ac_nonexistent.h>
configure:2772: checking whether gcc needs -traditional
configure:2807: result: no
configure:2814: checking whether gcc understands -c and -o together
configure:2829: gcc -g -O2  -c conftest.c -o conftest2.o >&5
configure:2832: $? = 0
configure:2834: gcc -g -O2  -c conftest.c -o conftest2.o >&5
configure:2837: $? = 0
configure:2848: result: yes
configure:2865: checking for ldconfig
configure:2882: found /usr/sbin/ldconfig
configure:2893: result: /usr/sbin/ldconfig
configure:2904: checking if you want to ensure bool is consistent with C++
configure:2914: result: yes
configure:2971: checking for g++
configure:2986: found /usr/bin/g++
configure:2994: result: g++
configure:3009: checking for C++ compiler version
configure:3012: g++ --version </dev/null >&5
g++ (Ubuntu 9.4.0-1ubuntu1~20.04.1) 9.4.0
Copyright (C) 2019 Free Software Foundation, Inc.
This is free software; see the source for copying conditions.  There is NO
warranty; not even for MERCHANTABILITY or FITNESS FOR A PARTICULAR PURPOSE.

configure:3015: $? = 0
configure:3017: g++ -v </dev/null >&5
Using built-in specs.
COLLECT_GCC=g++
COLLECT_LTO_WRAPPER=/usr/lib/gcc/x86_64-linux-gnu/9/lto-wrapper
OFFLOAD_TARGET_NAMES=nvptx-none:hsa
OFFLOAD_TARGET_DEFAULT=1
Target: x86_64-linux-gnu
Configured with: ../src/configure -v --with-pkgversion='Ubuntu 9.4.0-1ubuntu1~20.04.1' --with-bugurl=file:///usr/share/doc/gcc-9/README.Bugs --enable-languages=c,ada,c++,go,brig,d,fortran,objc,obj-c++,gm2 --prefix=/usr --with-gcc-major-version-only --program-suffix=-9 --program-prefix=x86_64-linux-gnu- --enable-shared --enable-linker-build-id --libexecdir=/usr/lib --without-included-gettext --enable-threads=posix --libdir=/usr/lib --enable-nls --enable-clocale=gnu --enable-libstdcxx-debug --enable-libstdcxx-time=yes --with-default-libstdcxx-abi=new --enable-gnu-unique-object --disable-vtable-verify --enable-plugin --enable-default-pie --with-system-zlib --with-target-system-zlib=auto --enable-objc-gc=auto --enable-multiarch --disable-werror --with-arch-32=i686 --with-abi=m64 --with-multilib-list=m32,m64,mx32 --enable-multilib --with-tune=generic --enable-offload-targets=nvptx-none=/build/gcc-9-Av3uEd/gcc-9-9.4.0/debian/tmp-nvptx/usr,hsa --without-cuda-driver --enable-checking=release --build=x86_64-linux-gnu --host=x86_64-linux-gnu --target=x86_64-linux-gnu
Thread model: posix
gcc version 9.4.0 (Ubuntu 9.4.0-1ubuntu1~20.04.1) 
configure:3020: $? = 0
configure:3022: g++ -V </dev/null >&5
g++: error: unrecognized command line option '-V'
g++: fatal error: no input files
compilation terminated.
configure:3025: $? = 1
configure:3028: checking whether we are using the GNU C++ compiler
configure:3049: g++ -c   conftest.cc >&5
configure:3052: $? = 0
configure:3055: test -s conftest.o
configure:3058: $? = 0
configure:3070: result: yes
configure:3076: checking whether g++ accepts -g
configure:3094: g++ -c -g  conftest.cc >&5
configure:3097: $? = 0
configure:3100: test -s conftest.o
configure:3103: $? = 0
configure:3113: result: yes
configure:3153: g++ -c -g -O2  conftest.cc >&5
configure:3156: $? = 0
configure:3159: test -s conftest.o
configure:3162: $? = 0
configure:3184: g++ -c -g -O2  conftest.cc >&5
configure: In function 'int main()':
configure:3177:1: error: 'exit' was not declared in this scope
 3177 | {
      | ^   
configure:3187: $? = 1
configure: failed program was:
#line 3172 "configure"
#include "confdefs.h"

int
main (void)
{
exit (42);
  ;
  return 0;
}
configure:3153: g++ -c -g -O2  conftest.cc >&5
configure:3156: $? = 0
configure:3159: test -s conftest.o
configure:3162: $? = 0
configure:3184: g++ -c -g -O2  conftest.cc >&5
configure:3187: $? = 0
configure:3190: test -s conftest.o
configure:3193: $? = 0
configure:3227: checking if g++ works
configure:3252: g++ -c -g -O2  -I/usr/include conftest.cc >&5
configure:3255: $? = 0
configure:3258: test -s conftest.o
configure:3261: $? = 0
configure:3272: result: yes
configure:3292: checking for g++
configure:3309: found /usr/bin/g++
configure:3320: result: /usr/bin/g++
configure:3339: checking version of /usr/bin/g++
configure:3347: result: 9.4.0
configure:3360: checking if you want to build C++ binding and demo
configure:3370: result: yes
configure:3373: checking if you want to build with Ada
configure:3375: result: yes
configure:3378: checking if you want to install terminal database
configure:3388: result: yes
configure:3391: checking if you want to install manpages
configure:3401: result: yes
configure:3404: checking if you want to build programs such as tic
configure:3414: result: yes
configure:3442: checking if you want to build test-programs
configure:3452: result: yes
configure:3455: checking if you wish to install curses.h
configure:3465: result: yes
configure:3490: checking for mawk
configure:3505: found /usr/bin/mawk
configure:3513: result: mawk
configure:3527: checking for egrep
configure:3537: result: grep -E
configure:3557: checking for a BSD compatible install
configure:3606: result: /usr/bin/install -c
configure:3631: checking for lint
configure:3657: result: no
configure:3631: checking for cppcheck
configure:3657: result: no
configure:3631: checking for splint
configure:3657: result: no
configure:3670: checking whether ln -s works
configure:3674: result: yes
configure:3681: checking if ln -s -f options work
configure:3693: result: yes
configure:3698: checking for long file names
configure:3737: result: yes
configure:3766: checking if you want to use pkg-config
configure:3776: result: yes
configure:3828: checking for pkg-config
configure:3845: found /usr/bin/pkg-config
configure:3857: result: /usr/bin/pkg-config
configure:3920: checking for /usr/bin/pkg-config library directory
configure:3975: testing list... ...
configure:3981: testing checking /usr/lib/x86_64-linux-gnu/pkgconfig ...
configure:3986: checking done
configure:3997: result: /usr/lib/x86_64-linux-gnu/pkgconfig
configure:4003: checking if we should install .pc files for /usr/bin/pkg-config
configure:4017: result: no
configure:4090: checking if we should assume mixed-case filenames
configure:4100: result: auto
configure:4104: checking if filesystem supports mixed-case filenames
configure:4131: result: yes
configure:4150: checking whether make sets ${MAKE}
configure:4170: result: yes
configure:4183: checking for exctags
configure:4209: result: no
configure:4183: checking for ctags
configure:4209: result: no
configure:4220: checking for exetags
configure:4246: result: no
configure:4220: checking for etags
configure:4246: result: no
configure:4255: checking for ctags
configure:4279: result: no
configure:4289: checking for etags
configure:4313: result: no
configure:4336: checking for makeflags variable
configure:4374: result: 
configure:4415: checking for ranlib
configure:4430: found /usr/bin/ranlib
configure:4439: result: ranlib
configure:4489: checking for ld
configure:4504: found /usr/bin/ld
configure:4513: result: ld
configure:4563: checking for ar
configure:4578: found /usr/bin/ar
configure:4587: result: ar
configure:4637: checking for nm
configure:4652: found /usr/bin/nm
configure:4661: result: nm
configure:4711: checking for ar
configure:4735: result: ar
configure:4747: checking for options to update archives
configure:4773: gcc -c -g -O2  conftest.c >&5
configure:4776: $? = 0
ar  -curvU conftest.a conftest.o
configure:4795: result: -curvU
configure:4806: checking if you have specified an install-prefix
configure:4819: result: 
configure:4976: checking if libtool -version-number should be used
configure:4993: result: yes
configure:5042: checking if you want to build libraries with libtool
configure:5052: result: no
configure:5350: checking if you want to build shared libraries
configure:5360: result: yes
configure:5364: checking if you want to build static libraries
configure:5374: result: yes
configure:5378: checking if you want to build debug libraries
configure:5388: result: yes
configure:5392: checking if you want to build profiling libraries
configure:5402: result: no
configure:5410: checking if you want to build C++ shared libraries
configure:5420: result: no
configure:5427: checking for specified models
configure:5431: result:  shared normal debug
configure:5436: checking for default model
configure:5439: result: shared
configure:5453: checking if you want to have a library-prefix
configure:5463: result: auto
configure:5491: checking for PATH separator
configure:5498: result: :
configure:5503: checking if you want to build a separate terminfo library
configure:5513: result: no
configure:5516: checking if you want to build a separate tic library
configure:5526: result: no
configure:5539: checking for default loader flags
configure:5548: result: 
configure:5554: checking if rpath option should be used
configure:5564: result: no
configure:5567: checking if shared libraries should be relinked during install
configure:5577: result: yes
configure:5698: checking if release/abi version should be used for shared libs
configure:5724: result: auto
configure:5747: checking which gcc option to use
configure:5766: gcc -c -g -O2 -fPIC  conftest.c >&5
configure:5769: $? = 0
configure:5772: test -s conftest.o
configure:5775: $? = 0
configure:5784: result: -fPIC
configure:6227: testing CC_SHARED_OPTS: -fPIC ...
configure:6231: testing MK_SHARED_LIB:  ${CC} ${LDFLAGS} ${CFLAGS} -shared -Wl,-soname,`basename $@ .${REL_VERSION}`.${ABI_VERSION},-stats,-lc -o $@ ...
configure:6289: checking if current CFLAGS link properly
configure:6304: gcc -o conftest -g -O2   conftest.c  >&5
configure:6307: $? = 0
configure:6310: test -s conftest
configure:6313: $? = 0
configure:6322: result: yes
configure:6333: checking if versioned-symbols file should be used
configure:6362: result: no
configure:6483: checking if you want to link with the GPM mouse library
configure:6493: result: maybe
configure:6497: checking for gpm.h
configure:6507: gcc -E  conftest.c
configure:6504:10: fatal error: gpm.h: No such file or directory
 6504 | #include "confdefs.h"
      |          ^~~~~~~
compilation terminated.
configure:6513: $? = 1
configure: failed program was:
#line 6503 "configure"
#include "confdefs.h"
#include <gpm.h>
configure:6532: result: no
configure:7073: checking if you want to use PCRE2 for regular-expressions
configure:7082: result: no
configure:7635: checking if you want to disable library suffixes
configure:7652: result: no
configure:7916: checking if you wish to append extra suffix to header/library paths
configure:7935: result: 
configure:7939: checking if you wish to install ncurses overwriting curses
configure:7949: result: yes
configure:7952: checking if external terminfo-database is used
configure:7962: result: yes
configure:7978: checking which terminfo source-file will be installed
configure:7986: result: ${top_srcdir}/misc/terminfo.src
configure:7989: checking whether to use hashed database instead of directory/tree
configure:7999: result: no
configure:8005: checking for list of fallback descriptions
configure:8015: result: 
configure:8363: checking if you want modern xterm or antique
configure:8377: result: xterm-new
configure:8381: checking if xterm backspace sends BS or DEL
configure:8402: result: BS
configure:8412: checking for list of terminfo directories
configure:8475: result: /usr/share/terminfo
configure:8490: checking for default terminfo directory
configure:8535: result: /usr/share/terminfo
configure:8546: checking if big-core option selected
configure:8572: gcc -o conftest -g -O2   conftest.c  >&5
configure:8575: $? = 0
configure:8577: ./conftest
configure:8580: $? = 0
configure:8592: result: yes
configure:8602: checking if big-strings option selected
configure:8626: result: yes
configure:8633: checking if you want termcap-fallback support
configure:8643: result: no
configure:8777: checking if ~/.terminfo is wanted
configure:8787: result: yes
configure:8794: checking if you want to use restricted environment when running as root
configure:8804: result: yes
configure:8819: checking for unistd.h
configure:8829: gcc -E  conftest.c
configure:8835: $? = 0
configure:8854: result: yes
configure:8869: checking for remove
configure:8906: gcc -o conftest -g -O2   conftest.c  >&5
configure:8909: $? = 0
configure:8912: test -s conftest
configure:8915: $? = 0
configure:8925: result: yes
configure:8869: checking for unlink
configure:8906: gcc -o conftest -g -O2   conftest.c  >&5
configure:8909: $? = 0
configure:8912: test -s conftest
configure:8915: $? = 0
configure:8925: result: yes
configure:9009: checking if link/symlink functions work
configure:9052: gcc -o conftest -g -O2   conftest.c  >&5
configure:9055: $? = 0
configure:9057: ./conftest
configure:9060: $? = 0
configure:9052: gcc -o conftest -g -O2   conftest.c  >&5
configure:9055: $? = 0
configure:9057: ./conftest
configure:9060: $? = 0
configure:9078: result:  link symlink
configure:9098: checking if tic should use symbolic links
configure:9108: result: no
configure:9115: checking if tic should use hard links
configure:9122: result: yes
configure:9138: checking if you want broken-linker support code
configure:9148: result: no
configure:9162: checking if tputs should process BSD-style prefix padding
configure:9172: result: no
configure:9191: checking if the POSIX test-macros are already defined
configure:9217: gcc -c -g -O2  conftest.c >&5
configure:9220: $? = 0
configure:9223: test -s conftest.o
configure:9226: $? = 0
configure:9237: result: no
configure:9282: checking if this is the GNU C library
configure:9308: gcc -c -g -O2  conftest.c >&5
configure:9311: $? = 0
configure:9314: test -s conftest.o
configure:9317: $? = 0
configure:9328: result: yes
configure:9336: checking if _DEFAULT_SOURCE can be used as a basis
configure:9367: gcc -c -g -O2 -D_DEFAULT_SOURCE conftest.c >&5
configure:9370: $? = 0
configure:9373: test -s conftest.o
configure:9376: $? = 0
configure:9388: result: yes
configure:9393: checking if _XOPEN_SOURCE=600 works with _DEFAULT_SOURCE
configure:9518: gcc -c -g -O2 -D_DEFAULT_SOURCE -D_XOPEN_SOURCE=600 conftest.c >&5
configure:9521: $? = 0
configure:9524: test -s conftest.o
configure:9527: $? = 0
configure:9538: result: yes
configure:10675: checking if _XOPEN_SOURCE really is set
configure:10693: gcc -c -g -O2 -D_DEFAULT_SOURCE -D_XOPEN_SOURCE=600 conftest.c >&5
configure:10696: $? = 0
configure:10699: test -s conftest.o
configure:10702: $? = 0
configure:10711: result: yes
configure:10731: gcc -c -g -O2 -D_DEFAULT_SOURCE -D_XOPEN_SOURCE=600 conftest.c >&5
configure:10734: $? = 0
configure:10737: test -s conftest.o
configure:10740: $? = 0
configure:10969: checking if SIGWINCH is defined
configure:10991: gcc -c -g -O2 -D_DEFAULT_SOURCE -D_XOPEN_SOURCE=600 conftest.c >&5
configure:10994: $? = 0
configure:10997: test -s conftest.o
configure:11000: $? = 0
configure:11048: result: yes
configure:11118: checking for nl_langinfo and CODESET
configure:11136: gcc -o conftest -g -O2 -D_DEFAULT_SOURCE -D_XOPEN_SOURCE=600  conftest.c  >&5
configure:11139: $? = 0
configure:11142: test -s conftest
configure:11145: $? = 0
configure:11156: result: yes
configure:11170: checking if you want wide-character code
configure:11180: result: no
configure:12486: checking whether to enable _LP64 definition in curses.h
configure:12496: result: yes
configure:12512: checking for special C compiler options needed for large files
configure:12586: result: no
configure:12592: checking for _FILE_OFFSET_BITS value needed for large files
configure:12620: gcc -c -g -O2 -D_DEFAULT_SOURCE -D_XOPEN_SOURCE=600 conftest.c >&5
configure:12623: $? = 0
configure:12626: test -s conftest.o
configure:12629: $? = 0
configure:12679: result: no
configure:12689: checking for _LARGE_FILES value needed for large files
configure:12717: gcc -c -g -O2 -D_DEFAULT_SOURCE -D_XOPEN_SOURCE=600 conftest.c >&5
configure:12720: $? = 0
configure:12723: test -s conftest.o
configure:12726: $? = 0
configure:12776: result: no
configure:12789: checking for _LARGEFILE_SOURCE value needed for large files
configure:12809: gcc -c -g -O2 -D_DEFAULT_SOURCE -D_XOPEN_SOURCE=600 conftest.c >&5
configure:12812: $? = 0
configure:12815: test -s conftest.o
configure:12818: $? = 0
configure:12860: result: no
configure:12874: checking for fseeko
configure:12892: gcc -o conftest -g -O2 -D_DEFAULT_SOURCE -D_XOPEN_SOURCE=600  conftest.c  >&5
configure:12895: $? = 0
configure:12898: test -s conftest
configure:12901: $? = 0
configure:12911: result: yes
configure:12950: checking whether to use struct dirent64
configure:12979: gcc -c -g -O2 -D_DEFAULT_SOURCE -D_XOPEN_SOURCE=600 conftest.c >&5
configure: In function 'main':
configure:12968:28: error: conflicting types for 'readdir'
12968 |   /* if transitional largefile support is setup, this is true */
      |                            ^~~~~~~
In file included from configure:12961:
/usr/include/dirent.h:162:23: note: previous declaration of 'readdir' was here
  162 | extern struct dirent *readdir (DIR *__dirp) __nonnull ((1));
      |                       ^~~~~~~
configure:12970:22: error: initialization of 'struct dirent *' from incompatible pointer type 'struct dirent64 *' [-Werror=incompatible-pointer-types]
12970 |   struct dirent64 *x = readdir((DIR *)0);
      |                      ^~~~~~~
configure:12971:13: error: invalid operands to binary - (have 'struct dirent64 *' and 'struct dirent *')
12971 |   struct dirent *y = readdir((DIR *)0);
      |             ^
cc1: some warnings being treated as errors
configure:12982: $? = 1
configure: failed program was:
#line 12957 "configure"
#include "confdefs.h"

#pragma GCC diagnostic error "-Wincompatible-pointer-types"
#include <sys/types.h>
#include <dirent.h>

int
main (void)
{

		/* if transitional largefile support is setup, this is true */
		extern struct dirent64 * readdir(DIR *);
		struct dirent64 *x = readdir((DIR *)0);
		struct dirent *y = readdir((DIR *)0);
		int z = x - y;

  ;
  return 0;
}
configure:12999: result: no
configure:13009: checking if you want tparm not to use X/Open fixed-parameter list
configure:13019: result: yes
configure:13043: checking if you want to suppress wattr* macros to help with ncurses5/ncurses6 transition
configure:13059: result: no
configure:13063: checking for X11 rgb file
configure:13135: result: /usr/share/X11/rgb.txt
configure:13149: checking for type of bool
configure:13159: result: auto
configure:13162: checking for alternate terminal capabilities file
configure:13173: result: Caps
configure:13177: checking for type of chtype
configure:13187: result: uint32_t
configure:13191: checking for type of ospeed
configure:13201: result: short
configure:13205: checking for type of mmask_t
configure:13215: result: uint32_t
configure:13219: checking for size CCHARW_MAX
configure:13229: result: 5
configure:13232: checking for ANSI C header files
configure:13246: gcc -E -D_DEFAULT_SOURCE -D_XOPEN_SOURCE=600 conftest.c
configure:13252: $? = 0
configure:13339: gcc -o conftest -g -O2 -D_DEFAULT_SOURCE -D_XOPEN_SOURCE=600  conftest.c  >&5
configure:13342: $? = 0
configure:13344: ./conftest
configure:13347: $? = 0
configure:13360: result: yes
configure:13376: checking for sys/types.h
configure:13388: gcc -c -g -O2 -D_DEFAULT_SOURCE -D_XOPEN_SOURCE=600 conftest.c >&5
configure:13391: $? = 0
configure:13394: test -s conftest.o
configure:13397: $? = 0
configure:13407: result: yes
configure:13376: checking for sys/stat.h
configure:13388: gcc -c -g -O2 -D_DEFAULT_SOURCE -D_XOPEN_SOURCE=600 conftest.c >&5
configure:13391: $? = 0
configure:13394: test -s conftest.o
configure:13397: $? = 0
configure:13407: result: yes
configure:13376: checking for stdlib.h
configure:13388: gcc -c -g -O2 -D_DEFAULT_SOURCE -D_XOPEN_SOURCE=600 conftest.c >&5
configure:13391: $? = 0
configure:13394: test -s conftest.o
configure:13397: $? = 0
configure:13407: result: yes
configure:13376: checking for string.h
configure:13388: gcc -c -g -O2 -D_DEFAULT_SOURCE -D_XOPEN_SOURCE=600 conftest.c >&5
configure:13391: $? = 0
configure:13394: test -s conftest.o
configure:13397: $? = 0
configure:13407: result: yes
configure:13376: checking for memory.h
configure:13388: gcc -c -g -O2 -D_DEFAULT_SOURCE -D_XOPEN_SOURCE=600 conftest.c >&5
configure:13391: $? = 0
configure:13394: test -s conftest.o
configure:13397: $? = 0
configure:13407: result: yes
configure:13376: checking for strings.h
configure:13388: gcc -c -g -O2 -D_DEFAULT_SOURCE -D_XOPEN_SOURCE=600 conftest.c >&5
configure:13391: $? = 0
configure:13394: test -s conftest.o
configure:13397: $? = 0
configure:13407: result: yes
configure:13376: checking for inttypes.h
configure:13388: gcc -c -g -O2 -D_DEFAULT_SOURCE -D_XOPEN_SOURCE=600 conftest.c >&5
configure:13391: $? = 0
configure:13394: test -s conftest.o
configure:13397: $? = 0
configure:13407: result: yes
configure:13376: checking for stdint.h
configure:13388: gcc -c -g -O2 -D_DEFAULT_SOURCE -D_XOPEN_SOURCE=600 conftest.c >&5
configure:13391: $? = 0
configure:13394: test -s conftest.o
configure:13397: $? = 0
configure:13407: result: yes
configure:13376: checking for unistd.h
configure:13407: result: yes
configure:13417: checking for signed char
configure:13438: gcc -c -g -O2 -D_DEFAULT_SOURCE -D_XOPEN_SOURCE=600 conftest.c >&5
configure:13441: $? = 0
configure:13444: test -s conftest.o
configure:13447: $? = 0
configure:13457: result: yes
configure:13460: checking size of signed char
configure:13624: gcc -o conftest -g -O2 -D_DEFAULT_SOURCE -D_XOPEN_SOURCE=600  conftest.c  >&5
configure: In function 'main':
configure:13649:13: warning: format '%d' expects argument of type 'int', but argument 3 has type 'long unsigned int' [-Wformat=]
13649 | echo "${ECHO_T}$ac_cv_sizeof_signed_char" >&6
      |             ^~~~  ~~~~~~~~~~~~~~~~~~~~~~
      |                   |
      |                   long unsigned int
configure:13627: $? = 0
configure:13629: ./conftest
configure:13632: $? = 0
configure:13648: result: 1
configure:13659: checking if you want to use signed Boolean array in term.h
configure:13669: result: no
configure:13674: checking for type of tparm args
configure:13684: result: intptr_t
configure:13688: checking if RCS identifiers should be compiled-in
configure:13698: result: no
configure:13707: checking format of man-pages
configure:13796: result:  gzip
configure:13803: checking for manpage renaming
configure:13845: result: /home/ubuntu/ncurses-6.2/man/man_db.renames
configure:13848: checking if manpage aliases will be installed
configure:13859: result: yes
configure:13873: checking if manpage symlinks should be used
configure:13892: result: yes
configure:13896: checking for manpage tbl
configure:13907: result: no
configure:14240: checking if you want to build with function extensions
configure:14250: result: yes
configure:14310: checking if you want to build with SCREEN extensions
configure:14320: result: yes
configure:14339: checking if you want to build with terminal-driver
configure:14349: result: no
configure:14370: checking for extended use of const keyword
configure:14380: result: yes
configure:14388: checking if you want to use extended colors
configure:14398: result: yes
configure:14403: WARNING: This option applies only to wide-character library
configure:14441: checking if you want to use extended mouse encoding
configure:14451: result: yes
configure:14471: checking if you want to use extended putwin/screendump
configure:14481: result: yes
configure:14491: checking if you want $NCURSES_NO_PADDING code
configure:14501: result: yes
configure:14509: checking if you want SIGWINCH handler
configure:14519: result: yes
configure:14527: checking if you want user-definable terminal capabilities like termcap
configure:14537: result: yes
configure:14544: checking if you want to link with the pthread library
configure:14554: result: no
configure:14896: checking if you want reentrant code
configure:14906: result: no
configure:15006: checking if you want opaque curses-library structures
configure:15028: result: no
configure:15037: checking if you want opaque form-library structures
configure:15047: result: no
configure:15050: checking if you want opaque menu-library structures
configure:15060: result: no
configure:15063: checking if you want opaque panel-library structures
configure:15073: result: no
configure:15106: checking if you want all development code
configure:15116: result: no
configure:15120: checking if you want hard-tabs code
configure:15130: result: no
configure:15138: checking if you want limited support for xmc
configure:15148: result: no
configure:15158: checking if you do not want to assume colors are white-on-black
configure:15168: result: yes
configure:15176: checking if you want hashmap scrolling-optimization code
configure:15186: result: yes
configure:15194: checking if you want colorfgbg code
configure:15204: result: no
configure:15212: checking if you want interop bindings
configure:15222: result: yes
configure:15228: checking if you want experimental safe-sprintf code
configure:15238: result: no
configure:15263: checking if you want wgetch-events code
configure:15273: result: no
configure:15284: checking if you want to see long compiling messages
configure:15318: result: yes
configure:15331: checking if you want to install stripped executables
configure:15348: result: yes
configure:15359: checking if install accepts -p option
configure:15390: result: yes
configure:15393: checking if install needs to be told about ownership
configure:15404: result: no
configure:15428: checking if you want to see compiler warnings
configure:15436: result: 
configure:15907: checking for gcc __attribute__ directives...
checking for gcc __attribute__((scanf))
configure:15959: gcc -c -g -O2 -D_DEFAULT_SOURCE -D_XOPEN_SOURCE=600 conftest.c >&5
configure:15962: $? = 0
checking for gcc __attribute__((printf))
configure:15959: gcc -c -g -O2 -D_DEFAULT_SOURCE -D_XOPEN_SOURCE=600 conftest.c >&5
configure:15962: $? = 0
checking for gcc __attribute__((unused))
configure:15959: gcc -c -g -O2 -D_DEFAULT_SOURCE -D_XOPEN_SOURCE=600 conftest.c >&5
configure:15962: $? = 0
checking for gcc __attribute__((noreturn))
configure:15959: gcc -c -g -O2 -D_DEFAULT_SOURCE -D_XOPEN_SOURCE=600 conftest.c >&5
configure:15962: $? = 0
configure:16023: checking if you want to work around bogus compiler/loader warnings
configure:16033: result: no
configure:16305: checking if you want to enable runtime assertions
configure:16315: result: no
configure:16331: checking if you want to use dmalloc for testing
configure:16348: result: no
configure:16563: checking if you want to use dbmalloc for testing
configure:16580: result: no
configure:16795: checking if you want to use valgrind for testing
configure:16812: result: no
configure:16925: checking if you want to perform memory-leak testing
configure:16935: result: no
configure:16987: checking whether to add trace feature to all models
configure:16997: result: no
configure:17111: checking if we want to use GNAT projects
configure:17128: result: yes
configure:17138: checking for gettimeofday
configure:17175: gcc -o conftest -g -O2 -D_DEFAULT_SOURCE -D_XOPEN_SOURCE=600 -DNDEBUG  conftest.c  >&5
configure:17178: $? = 0
configure:17181: test -s conftest
configure:17184: $? = 0
configure:17194: result: yes
configure:17281: checking if -lm needed for math functions
configure:17304: gcc -o conftest -g -O2 -D_DEFAULT_SOURCE -D_XOPEN_SOURCE=600 -DNDEBUG  conftest.c  >&5
/usr/bin/ld: /tmp/ccPvHyLB.o: in function `main':
/home/ubuntu/ncurses-6.2/configure:17297: undefined reference to `sin'
/usr/bin/ld: /home/ubuntu/ncurses-6.2/configure:17297: undefined reference to `pow'
collect2: error: ld returned 1 exit status
configure:17307: $? = 1
configure: failed program was:
#line 17288 "configure"
#include "confdefs.h"

	#include <stdio.h>
	#include <stdlib.h>
	#include <math.h>

int
main (void)
{
double x = rand(); printf("result = %g\n", pow(sin(x),x))
  ;
  return 0;
}
configure:17323: result: yes
configure:17331: checking for ANSI C header files
configure:17459: result: yes
configure:17472: checking for dirent.h that defines DIR
configure:17493: gcc -c -g -O2 -D_DEFAULT_SOURCE -D_XOPEN_SOURCE=600 -DNDEBUG conftest.c >&5
configure:17496: $? = 0
configure:17499: test -s conftest.o
configure:17502: $? = 0
configure:17512: result: yes
configure:17525: checking for opendir in -ldir
configure:17552: gcc -o conftest -g -O2 -D_DEFAULT_SOURCE -D_XOPEN_SOURCE=600 -DNDEBUG  conftest.c -ldir   >&5
/usr/bin/ld: cannot find -ldir
collect2: error: ld returned 1 exit status
configure:17555: $? = 1
configure: failed program was:
#line 17533 "configure"
#include "confdefs.h"

/* Override any gcc2 internal prototype to avoid an error.  */
#ifdef __cplusplus
extern "C"
#endif
/* We use char because int might match the return type of a gcc2
   builtin and then its argument prototype would still apply.  */
char opendir ();
int
main (void)
{
opendir ();
  ;
  return 0;
}
configure:17572: result: no
configure:17634: checking whether time.h and sys/time.h may both be included
configure:17656: gcc -c -g -O2 -D_DEFAULT_SOURCE -D_XOPEN_SOURCE=600 -DNDEBUG conftest.c >&5
configure:17659: $? = 0
configure:17662: test -s conftest.o
configure:17665: $? = 0
configure:17675: result: yes
configure:17694: checking for regcomp
configure:17731: gcc -o conftest -g -O2 -D_DEFAULT_SOURCE -D_XOPEN_SOURCE=600 -DNDEBUG  conftest.c  >&5
configure:17734: $? = 0
configure:17737: test -s conftest
configure:17740: $? = 0
configure:17750: result: yes
configure:17976: checking for regular-expression headers
configure:18047: gcc -o conftest -g -O2 -D_DEFAULT_SOURCE -D_XOPEN_SOURCE=600 -DNDEBUG  conftest.c  >&5
configure:18050: $? = 0
configure:18053: test -s conftest
configure:18056: $? = 0
configure:18072: result: regex.h
configure:18115: checking for fcntl.h
configure:18125: gcc -E -D_DEFAULT_SOURCE -D_XOPEN_SOURCE=600 -DNDEBUG conftest.c
configure:18131: $? = 0
configure:18150: result: yes
configure:18115: checking for getopt.h
configure:18125: gcc -E -D_DEFAULT_SOURCE -D_XOPEN_SOURCE=600 -DNDEBUG conftest.c
configure:18131: $? = 0
configure:18150: result: yes
configure:18115: checking for limits.h
configure:18125: gcc -E -D_DEFAULT_SOURCE -D_XOPEN_SOURCE=600 -DNDEBUG conftest.c
configure:18131: $? = 0
configure:18150: result: yes
configure:18115: checking for locale.h
configure:18125: gcc -E -D_DEFAULT_SOURCE -D_XOPEN_SOURCE=600 -DNDEBUG conftest.c
configure:18131: $? = 0
configure:18150: result: yes
configure:18115: checking for math.h
configure:18125: gcc -E -D_DEFAULT_SOURCE -D_XOPEN_SOURCE=600 -DNDEBUG conftest.c
configure:18131: $? = 0
configure:18150: result: yes
configure:18115: checking for poll.h
configure:18125: gcc -E -D_DEFAULT_SOURCE -D_XOPEN_SOURCE=600 -DNDEBUG conftest.c
configure:18131: $? = 0
configure:18150: result: yes
configure:18115: checking for sys/bsdtypes.h
configure:18125: gcc -E -D_DEFAULT_SOURCE -D_XOPEN_SOURCE=600 -DNDEBUG conftest.c
configure:18122:10: fatal error: sys/bsdtypes.h: No such file or directory
18122 | #include "confdefs.h"
      |          ^~~~~~~~~~~~    
compilation terminated.
configure:18131: $? = 1
configure: failed program was:
#line 18121 "configure"
#include "confdefs.h"
#include <sys/bsdtypes.h>
configure:18150: result: no
configure:18115: checking for sys/ioctl.h
configure:18125: gcc -E -D_DEFAULT_SOURCE -D_XOPEN_SOURCE=600 -DNDEBUG conftest.c
configure:18131: $? = 0
configure:18150: result: yes
configure:18115: checking for sys/param.h
configure:18125: gcc -E -D_DEFAULT_SOURCE -D_XOPEN_SOURCE=600 -DNDEBUG conftest.c
configure:18131: $? = 0
configure:18150: result: yes
configure:18115: checking for sys/poll.h
configure:18125: gcc -E -D_DEFAULT_SOURCE -D_XOPEN_SOURCE=600 -DNDEBUG conftest.c
configure:18131: $? = 0
configure:18150: result: yes
configure:18115: checking for sys/select.h
configure:18125: gcc -E -D_DEFAULT_SOURCE -D_XOPEN_SOURCE=600 -DNDEBUG conftest.c
configure:18131: $? = 0
configure:18150: result: yes
configure:18115: checking for sys/time.h
configure:18125: gcc -E -D_DEFAULT_SOURCE -D_XOPEN_SOURCE=600 -DNDEBUG conftest.c
configure:18131: $? = 0
configure:18150: result: yes
configure:18115: checking for sys/times.h
configure:18125: gcc -E -D_DEFAULT_SOURCE -D_XOPEN_SOURCE=600 -DNDEBUG conftest.c
configure:18131: $? = 0
configure:18150: result: yes
configure:18115: checking for ttyent.h
configure:18125: gcc -E -D_DEFAULT_SOURCE -D_XOPEN_SOURCE=600 -DNDEBUG conftest.c
configure:18131: $? = 0
configure:18150: result: yes
configure:18115: checking for unistd.h
configure:18150: result: yes
configure:18115: checking for wctype.h
configure:18125: gcc -E -D_DEFAULT_SOURCE -D_XOPEN_SOURCE=600 -DNDEBUG conftest.c
configure:18131: $? = 0
configure:18150: result: yes
configure:18163: checking for unistd.h
configure:18198: result: yes
configure:18163: checking for getopt.h
configure:18198: result: yes
configure:18208: checking for header declaring getopt variables
configure:18231: gcc -c -g -O2 -D_DEFAULT_SOURCE -D_XOPEN_SOURCE=600 -DNDEBUG conftest.c >&5
configure: In function 'main':
configure:18224:9: error: 'optind' undeclared (first use in this function)
18224 | {
      |         ^     
configure:18224:9: note: each undeclared identifier is reported only once for each function it appears in
configure:18224:27: error: 'optarg' undeclared (first use in this function)
18224 | {
      |                           ^     
configure:18234: $? = 1
configure: failed program was:
#line 18218 "configure"
#include "confdefs.h"

#include <stdio.h>
int
main (void)
{
int x = optind; char *y = optarg
  ;
  return 0;
}
configure:18231: gcc -c -g -O2 -D_DEFAULT_SOURCE -D_XOPEN_SOURCE=600 -DNDEBUG conftest.c >&5
configure: In function 'main':
configure:18224:9: error: 'optind' undeclared (first use in this function)
18224 | {
      |         ^     
configure:18224:9: note: each undeclared identifier is reported only once for each function it appears in
configure:18224:27: error: 'optarg' undeclared (first use in this function)
18224 | {
      |                           ^     
configure:18234: $? = 1
configure: failed program was:
#line 18218 "configure"
#include "confdefs.h"

#include <stdlib.h>
int
main (void)
{
int x = optind; char *y = optarg
  ;
  return 0;
}
configure:18231: gcc -c -g -O2 -D_DEFAULT_SOURCE -D_XOPEN_SOURCE=600 -DNDEBUG conftest.c >&5
configure:18234: $? = 0
configure:18237: test -s conftest.o
configure:18240: $? = 0
configure:18252: result: unistd.h
configure:18269: checking if external environ is declared
configure:18292: gcc -c -g -O2 -D_DEFAULT_SOURCE -D_XOPEN_SOURCE=600 -DNDEBUG conftest.c >&5
configure: In function 'main':
configure:18285:15: error: 'environ' undeclared (first use in this function)
18285 | {
      |               ^      
configure:18285:15: note: each undeclared identifier is reported only once for each function it appears in
configure:18295: $? = 1
configure: failed program was:
#line 18276 "configure"
#include "confdefs.h"

#ifdef HAVE_STDLIB_H
#include <stdlib.h>
#endif
#include <unistd.h>
int
main (void)
{
int x = (int) environ
  ;
  return 0;
}
configure:18312: result: no
configure:18327: checking if external environ exists
configure:18349: gcc -o conftest -g -O2 -D_DEFAULT_SOURCE -D_XOPEN_SOURCE=600 -DNDEBUG  conftest.c  >&5
configure:18352: $? = 0
configure:18355: test -s conftest
configure:18358: $? = 0
configure:18369: result: yes
configure:18382: checking for getenv
configure:18419: gcc -o conftest -g -O2 -D_DEFAULT_SOURCE -D_XOPEN_SOURCE=600 -DNDEBUG  conftest.c  >&5
configure:18422: $? = 0
configure:18425: test -s conftest
configure:18428: $? = 0
configure:18438: result: yes
configure:18444: checking for putenv
configure:18481: gcc -o conftest -g -O2 -D_DEFAULT_SOURCE -D_XOPEN_SOURCE=600 -DNDEBUG  conftest.c  >&5
configure:18484: $? = 0
configure:18487: test -s conftest
configure:18490: $? = 0
configure:18500: result: yes
configure:18444: checking for setenv
configure:18481: gcc -o conftest -g -O2 -D_DEFAULT_SOURCE -D_XOPEN_SOURCE=600 -DNDEBUG  conftest.c  >&5
configure:18484: $? = 0
configure:18487: test -s conftest
configure:18490: $? = 0
configure:18500: result: yes
configure:18444: checking for strdup
configure:18481: gcc -o conftest -g -O2 -D_DEFAULT_SOURCE -D_XOPEN_SOURCE=600 -DNDEBUG  conftest.c  >&5
configure:18461:6: warning: conflicting types for built-in function 'strdup'; expected 'char *(const char *)' [-Wbuiltin-declaration-mismatch]
18461 |    builtin and then its argument prototype would still apply.  */
      |      ^~~~~~
configure:18484: $? = 0
configure:18487: test -s conftest
configure:18490: $? = 0
configure:18500: result: yes
configure:18510: checking if getenv returns consistent values
configure:18629: gcc -o conftest -g -O2 -D_DEFAULT_SOURCE -D_XOPEN_SOURCE=600 -DNDEBUG  conftest.c  >&5
configure:18632: $? = 0
configure:18634: ./conftest
configure:18637: $? = 0
configure:18650: result: yes
configure:18794: checking if sys/time.h works with sys/select.h
configure:18821: gcc -c -g -O2 -D_DEFAULT_SOURCE -D_XOPEN_SOURCE=600 -DNDEBUG conftest.c >&5
configure:18824: $? = 0
configure:18827: test -s conftest.o
configure:18830: $? = 0
configure:18842: result: yes
configure:18857: checking for an ANSI C-conforming const
configure:18921: gcc -c -g -O2 -D_DEFAULT_SOURCE -D_XOPEN_SOURCE=600 -DNDEBUG conftest.c >&5
configure:18924: $? = 0
configure:18927: test -s conftest.o
configure:18930: $? = 0
configure:18940: result: yes
configure:18950: checking for inline
configure:18967: gcc -c -g -O2 -D_DEFAULT_SOURCE -D_XOPEN_SOURCE=600 -DNDEBUG conftest.c >&5
configure:18970: $? = 0
configure:18973: test -s conftest.o
configure:18976: $? = 0
configure:18987: result: inline
configure:19013: checking if gcc supports options to tune inlining
configure:19034: gcc -c -g -O2 --param max-inline-insns-single=1200 -D_DEFAULT_SOURCE -D_XOPEN_SOURCE=600 -DNDEBUG conftest.c >&5
configure:19037: $? = 0
configure:19040: test -s conftest.o
configure:19043: $? = 0
configure:19055: result: yes
configure:19161: checking for signal global datatype
configure:19196: gcc -c -g -O2 --param max-inline-insns-single=1200 -D_DEFAULT_SOURCE -D_XOPEN_SOURCE=600 -DNDEBUG conftest.c >&5
configure:19199: $? = 0
configure:19202: test -s conftest.o
configure:19205: $? = 0
configure:19219: result: volatile sig_atomic_t
configure:19308: checking if unsigned literals are legal
configure:19327: gcc -c -g -O2 --param max-inline-insns-single=1200 -D_DEFAULT_SOURCE -D_XOPEN_SOURCE=600 -DNDEBUG conftest.c >&5
configure:19330: $? = 0
configure:19333: test -s conftest.o
configure:19336: $? = 0
configure:19348: result: yes
configure:19364: checking if external errno is declared
configure:19389: gcc -c -g -O2 --param max-inline-insns-single=1200 -D_DEFAULT_SOURCE -D_XOPEN_SOURCE=600 -DNDEBUG conftest.c >&5
configure:19392: $? = 0
configure:19395: test -s conftest.o
configure:19398: $? = 0
configure:19409: result: yes
configure:19424: checking if external errno exists
configure:19446: gcc -o conftest -g -O2 --param max-inline-insns-single=1200 -D_DEFAULT_SOURCE -D_XOPEN_SOURCE=600 -DNDEBUG  conftest.c  >&5
/usr/bin/ld: errno: TLS definition in /lib/x86_64-linux-gnu/libc.so.6 section .tbss mismatches non-TLS reference in /tmp/ccI4zx5x.o
/usr/bin/ld: /lib/x86_64-linux-gnu/libc.so.6: error adding symbols: bad value
collect2: error: ld returned 1 exit status
configure:19449: $? = 1
configure: failed program was:
#line 19431 "configure"
#include "confdefs.h"

#undef errno
extern int errno;

int
main (void)
{
errno = 2
  ;
  return 0;
}
configure:19466: result: no
configure:19479: checking if data-only library module links
configure:19490: gcc -c -g -O2 --param max-inline-insns-single=1200 -D_DEFAULT_SOURCE -D_XOPEN_SOURCE=600 -DNDEBUG conftest.c >&5
configure:19493: $? = 0
configure:19513: gcc -c -g -O2 --param max-inline-insns-single=1200 -D_DEFAULT_SOURCE -D_XOPEN_SOURCE=600 -DNDEBUG conftest.c >&5
configure:19516: $? = 0
configure:19540: gcc -o conftest -g -O2 --param max-inline-insns-single=1200 -D_DEFAULT_SOURCE -D_XOPEN_SOURCE=600 -DNDEBUG  conftest.c conftest.a  >&5
configure:19543: $? = 0
configure:19545: ./conftest
configure:19548: $? = 0
configure:19563: result: yes
configure:19605: checking for getcwd
configure:19642: gcc -o conftest -g -O2 --param max-inline-insns-single=1200 -D_DEFAULT_SOURCE -D_XOPEN_SOURCE=600 -DNDEBUG  conftest.c  >&5
configure:19645: $? = 0
configure:19648: test -s conftest
configure:19651: $? = 0
configure:19661: result: yes
configure:19605: checking for getegid
configure:19642: gcc -o conftest -g -O2 --param max-inline-insns-single=1200 -D_DEFAULT_SOURCE -D_XOPEN_SOURCE=600 -DNDEBUG  conftest.c  >&5
configure:19645: $? = 0
configure:19648: test -s conftest
configure:19651: $? = 0
configure:19661: result: yes
configure:19605: checking for geteuid
configure:19642: gcc -o conftest -g -O2 --param max-inline-insns-single=1200 -D_DEFAULT_SOURCE -D_XOPEN_SOURCE=600 -DNDEBUG  conftest.c  >&5
configure:19645: $? = 0
configure:19648: test -s conftest
configure:19651: $? = 0
configure:19661: result: yes
configure:19605: checking for getopt
configure:19642: gcc -o conftest -g -O2 --param max-inline-insns-single=1200 -D_DEFAULT_SOURCE -D_XOPEN_SOURCE=600 -DNDEBUG  conftest.c  >&5
configure:19645: $? = 0
configure:19648: test -s conftest
configure:19651: $? = 0
configure:19661: result: yes
configure:19605: checking for getttynam
configure:19642: gcc -o conftest -g -O2 --param max-inline-insns-single=1200 -D_DEFAULT_SOURCE -D_XOPEN_SOURCE=600 -DNDEBUG  conftest.c  >&5
configure:19645: $? = 0
configure:19648: test -s conftest
configure:19651: $? = 0
configure:19661: result: yes
configure:19605: checking for issetugid
configure:19642: gcc -o conftest -g -O2 --param max-inline-insns-single=1200 -D_DEFAULT_SOURCE -D_XOPEN_SOURCE=600 -DNDEBUG  conftest.c  >&5
/usr/bin/ld: /tmp/ccdm2HqC.o: in function `main':
/home/ubuntu/ncurses-6.2/configure:19635: undefined reference to `issetugid'
collect2: error: ld returned 1 exit status
configure:19645: $? = 1
configure: failed program was:
#line 19611 "configure"
#include "confdefs.h"
#define issetugid autoconf_temporary
#include <limits.h>	/* least-intrusive standard header which defines gcc2 __stub macros */
#undef issetugid

#ifdef __cplusplus
extern "C"
#endif

/* We use char because int might match the return type of a gcc2
   builtin and then its argument prototype would still apply.  */
char issetugid (void);

int
main (void)
{

/* The GNU C library defines stubs for functions which it implements
    to always fail with ENOSYS.  Some functions are actually named
    something starting with __ and the normal name is an alias.  */
#if defined (__stub_issetugid) || defined (__stub___issetugid)
#error found stub for issetugid
#endif

	return issetugid ();
  ;
  return 0;
}
configure:19661: result: no
configure:19605: checking for localeconv
configure:19642: gcc -o conftest -g -O2 --param max-inline-insns-single=1200 -D_DEFAULT_SOURCE -D_XOPEN_SOURCE=600 -DNDEBUG  conftest.c  >&5
configure:19645: $? = 0
configure:19648: test -s conftest
configure:19651: $? = 0
configure:19661: result: yes
configure:19605: checking for poll
configure:19642: gcc -o conftest -g -O2 --param max-inline-insns-single=1200 -D_DEFAULT_SOURCE -D_XOPEN_SOURCE=600 -DNDEBUG  conftest.c  >&5
configure:19645: $? = 0
configure:19648: test -s conftest
configure:19651: $? = 0
configure:19661: result: yes
configure:19605: checking for putenv
configure:19661: result: yes
configure:19605: checking for remove
configure:19661: result: yes
configure:19605: checking for select
configure:19642: gcc -o conftest -g -O2 --param max-inline-insns-single=1200 -D_DEFAULT_SOURCE -D_XOPEN_SOURCE=600 -DNDEBUG  conftest.c  >&5
configure:19645: $? = 0
configure:19648: test -s conftest
configure:19651: $? = 0
configure:19661: result: yes
configure:19605: checking for setbuf
configure:19642: gcc -o conftest -g -O2 --param max-inline-insns-single=1200 -D_DEFAULT_SOURCE -D_XOPEN_SOURCE=600 -DNDEBUG  conftest.c  >&5
configure:19645: $? = 0
configure:19648: test -s conftest
configure:19651: $? = 0
configure:19661: result: yes
configure:19605: checking for setbuffer
configure:19642: gcc -o conftest -g -O2 --param max-inline-insns-single=1200 -D_DEFAULT_SOURCE -D_XOPEN_SOURCE=600 -DNDEBUG  conftest.c  >&5
configure:19645: $? = 0
configure:19648: test -s conftest
configure:19651: $? = 0
configure:19661: result: yes
configure:19605: checking for setenv
configure:19661: result: yes
configure:19605: checking for setvbuf
configure:19642: gcc -o conftest -g -O2 --param max-inline-insns-single=1200 -D_DEFAULT_SOURCE -D_XOPEN_SOURCE=600 -DNDEBUG  conftest.c  >&5
configure:19645: $? = 0
configure:19648: test -s conftest
configure:19651: $? = 0
configure:19661: result: yes
configure:19605: checking for sigaction
configure:19642: gcc -o conftest -g -O2 --param max-inline-insns-single=1200 -D_DEFAULT_SOURCE -D_XOPEN_SOURCE=600 -DNDEBUG  conftest.c  >&5
configure:19645: $? = 0
configure:19648: test -s conftest
configure:19651: $? = 0
configure:19661: result: yes
configure:19605: checking for sigvec
configure:19642: gcc -o conftest -g -O2 --param max-inline-insns-single=1200 -D_DEFAULT_SOURCE -D_XOPEN_SOURCE=600 -DNDEBUG  conftest.c  >&5
/usr/bin/ld: /tmp/ccKHOssZ.o: in function `main':
/home/ubuntu/ncurses-6.2/configure:19635: undefined reference to `sigvec'
collect2: error: ld returned 1 exit status
configure:19645: $? = 1
configure: failed program was:
#line 19611 "configure"
#include "confdefs.h"
#define sigvec autoconf_temporary
#include <limits.h>	/* least-intrusive standard header which defines gcc2 __stub macros */
#undef sigvec

#ifdef __cplusplus
extern "C"
#endif

/* We use char because int might match the return type of a gcc2
   builtin and then its argument prototype would still apply.  */
char sigvec (void);

int
main (void)
{

/* The GNU C library defines stubs for functions which it implements
    to always fail with ENOSYS.  Some functions are actually named
    something starting with __ and the normal name is an alias.  */
#if defined (__stub_sigvec) || defined (__stub___sigvec)
#error found stub for sigvec
#endif

	return sigvec ();
  ;
  return 0;
}
configure:19661: result: no
configure:19605: checking for strdup
configure:19661: result: yes
configure:19605: checking for strstr
configure:19642: gcc -o conftest -g -O2 --param max-inline-insns-single=1200 -D_DEFAULT_SOURCE -D_XOPEN_SOURCE=600 -DNDEBUG  conftest.c  >&5
configure:19622:6: warning: conflicting types for built-in function 'strstr'; expected 'char *(const char *, const char *)' [-Wbuiltin-declaration-mismatch]
19622 |    builtin and then its argument prototype would still apply.  */
      |      ^~~~~~
configure:19614:1: note: 'strstr' is declared in header '<string.h>'
19613 | #define $ac_func autoconf_temporary
  +++ |+#include <string.h>
19614 | #include <limits.h> /* least-intrusive standard header which defines gcc2 __stub macros */
configure:19645: $? = 0
configure:19648: test -s conftest
configure:19651: $? = 0
configure:19661: result: yes
configure:19605: checking for sysconf
configure:19642: gcc -o conftest -g -O2 --param max-inline-insns-single=1200 -D_DEFAULT_SOURCE -D_XOPEN_SOURCE=600 -DNDEBUG  conftest.c  >&5
configure:19645: $? = 0
configure:19648: test -s conftest
configure:19651: $? = 0
configure:19661: result: yes
configure:19605: checking for tcgetpgrp
configure:19642: gcc -o conftest -g -O2 --param max-inline-insns-single=1200 -D_DEFAULT_SOURCE -D_XOPEN_SOURCE=600 -DNDEBUG  conftest.c  >&5
configure:19645: $? = 0
configure:19648: test -s conftest
configure:19651: $? = 0
configure:19661: result: yes
configure:19605: checking for times
configure:19642: gcc -o conftest -g -O2 --param max-inline-insns-single=1200 -D_DEFAULT_SOURCE -D_XOPEN_SOURCE=600 -DNDEBUG  conftest.c  >&5
configure:19645: $? = 0
configure:19648: test -s conftest
configure:19651: $? = 0
configure:19661: result: yes
configure:19605: checking for tsearch
configure:19642: gcc -o conftest -g -O2 --param max-inline-insns-single=1200 -D_DEFAULT_SOURCE -D_XOPEN_SOURCE=600 -DNDEBUG  conftest.c  >&5
configure:19645: $? = 0
configure:19648: test -s conftest
configure:19651: $? = 0
configure:19661: result: yes
configure:19605: checking for vsnprintf
configure:19642: gcc -o conftest -g -O2 --param max-inline-insns-single=1200 -D_DEFAULT_SOURCE -D_XOPEN_SOURCE=600 -DNDEBUG  conftest.c  >&5
configure:19622:6: warning: conflicting types for built-in function 'vsnprintf'; expected 'int(char *, long unsigned int,  const char *, __va_list_tag *)' [-Wbuiltin-declaration-mismatch]
19622 |    builtin and then its argument prototype would still apply.  */
      |      ^~~~~~~~~
configure:19614:1: note: 'vsnprintf' is declared in header '<stdio.h>'
19613 | #define $ac_func autoconf_temporary
  +++ |+#include <stdio.h>
19614 | #include <limits.h> /* least-intrusive standard header which defines gcc2 __stub macros */
configure:19645: $? = 0
configure:19648: test -s conftest
configure:19651: $? = 0
configure:19661: result: yes
configure:19816: checking for isascii
configure:19835: gcc -o conftest -g -O2 --param max-inline-insns-single=1200 -D_DEFAULT_SOURCE -D_XOPEN_SOURCE=600 -DNDEBUG  conftest.c  >&5
configure:19838: $? = 0
configure:19841: test -s conftest
configure:19844: $? = 0
configure:19855: result: yes
configure:19863: checking whether sigaction needs _POSIX_SOURCE
configure:19880: gcc -c -g -O2 --param max-inline-insns-single=1200 -D_DEFAULT_SOURCE -D_XOPEN_SOURCE=600 -DNDEBUG conftest.c >&5
configure:19883: $? = 0
configure:19886: test -s conftest.o
configure:19889: $? = 0
configure:19937: result: no
configure:19941: checking if nanosleep really works
configure:19976: gcc -o conftest -g -O2 --param max-inline-insns-single=1200 -D_DEFAULT_SOURCE -D_XOPEN_SOURCE=600 -DNDEBUG  conftest.c  >&5
configure:19979: $? = 0
configure:19981: ./conftest
configure:19984: $? = 0
configure:19996: result: yes
configure:20013: checking for termio.h
configure:20023: gcc -E -D_DEFAULT_SOURCE -D_XOPEN_SOURCE=600 -DNDEBUG conftest.c
configure:20029: $? = 0
configure:20048: result: yes
configure:20013: checking for termios.h
configure:20023: gcc -E -D_DEFAULT_SOURCE -D_XOPEN_SOURCE=600 -DNDEBUG conftest.c
configure:20029: $? = 0
configure:20048: result: yes
configure:20013: checking for unistd.h
configure:20048: result: yes
configure:20013: checking for sys/ioctl.h
configure:20048: result: yes
configure:20013: checking for sys/termio.h
configure:20023: gcc -E -D_DEFAULT_SOURCE -D_XOPEN_SOURCE=600 -DNDEBUG conftest.c
configure:20020:10: fatal error: sys/termio.h: No such file or directory
20020 | #include "confdefs.h"
      |          ^~~~~~~~~~~~  
compilation terminated.
configure:20029: $? = 1
configure: failed program was:
#line 20019 "configure"
#include "confdefs.h"
#include <sys/termio.h>
configure:20048: result: no
configure:20065: checking whether termios.h needs _POSIX_SOURCE
configure:20080: gcc -c -g -O2 --param max-inline-insns-single=1200 -D_DEFAULT_SOURCE -D_XOPEN_SOURCE=600 -DNDEBUG conftest.c >&5
configure:20083: $? = 0
configure:20086: test -s conftest.o
configure:20089: $? = 0
configure:20136: result: no
configure:20141: checking for tcgetattr
configure:20176: gcc -o conftest -g -O2 --param max-inline-insns-single=1200 -D_DEFAULT_SOURCE -D_XOPEN_SOURCE=600 -DNDEBUG  conftest.c  >&5
configure:20179: $? = 0
configure:20182: test -s conftest
configure:20185: $? = 0
configure:20195: result: yes
configure:20202: checking for vsscanf function or workaround
configure:20225: gcc -o conftest -g -O2 --param max-inline-insns-single=1200 -D_DEFAULT_SOURCE -D_XOPEN_SOURCE=600 -DNDEBUG  conftest.c  >&5
configure:20228: $? = 0
configure:20231: test -s conftest
configure:20234: $? = 0
configure:20327: result: vsscanf
configure:20353: checking for unistd.h
configure:20388: result: yes
configure:20398: checking for working mkstemp
configure:20450: gcc -o conftest -g -O2 --param max-inline-insns-single=1200 -D_DEFAULT_SOURCE -D_XOPEN_SOURCE=600 -DNDEBUG  conftest.c  >&5
configure:20453: $? = 0
configure:20455: ./conftest
configure:20458: $? = 0
configure:20473: result: yes
configure:20556: checking whether setvbuf arguments are reversed
configure:20584: gcc -o conftest -g -O2 --param max-inline-insns-single=1200 -D_DEFAULT_SOURCE -D_XOPEN_SOURCE=600 -DNDEBUG  conftest.c  >&5
configure: In function 'main':
configure:20576:23: warning: passing argument 2 of 'setvbuf' makes pointer from integer without a cast [-Wint-conversion]
20576 |      is not _IOLBF, _IONBF, or _IOFBF, and return nonzero.  */
      |                       ^~~~~~
      |                       |
      |                       int
In file included from configure:20568:
/usr/include/stdio.h:308:65: note: expected 'char * restrict' but argument is of type 'int'
  308 | extern int setvbuf (FILE *__restrict __stream, char *__restrict __buf,
      |                                                ~~~~~~~~~~~~~~~~~^~~~~
configure:20576:31: warning: passing argument 3 of 'setvbuf' makes integer from pointer without a cast [-Wint-conversion]
20576 |      is not _IOLBF, _IONBF, or _IOFBF, and return nonzero.  */
      |                               ^~~~~~~~~~~~~
      |                               |
      |                               char *
In file included from configure:20568:
/usr/include/stdio.h:309:11: note: expected 'int' but argument is of type 'char *'
  309 |       int __modes, size_t __n) __THROW;
      |       ~~~~^~~~~~~
configure:20587: $? = 0
configure:20589: ./conftest
configure:20592: $? = 1
configure: program exited with status 1
configure: failed program was:
#line 20567 "configure"
#include "confdefs.h"
#include <stdio.h>
/* If setvbuf has the reversed format, exit 0. */
int
main (void)
{
  /* This call has the arguments reversed.
     A reversed system may check and see that the address of main
     is not _IOLBF, _IONBF, or _IOFBF, and return nonzero.  */
  if (setvbuf(stdout, _IOLBF, (char *) main, BUFSIZ) != 0)
    return(1);
  putc('\r', stdout);
  return(0);			/* Non-reversed systems segv here.  */
}
configure:20605: result: no
configure:20616: checking for intptr_t
configure:20637: gcc -c -g -O2 --param max-inline-insns-single=1200 -D_DEFAULT_SOURCE -D_XOPEN_SOURCE=600 -DNDEBUG conftest.c >&5
configure:20640: $? = 0
configure:20643: test -s conftest.o
configure:20646: $? = 0
configure:20656: result: yes
configure:20668: checking for ssize_t
configure:20689: gcc -c -g -O2 --param max-inline-insns-single=1200 -D_DEFAULT_SOURCE -D_XOPEN_SOURCE=600 -DNDEBUG conftest.c >&5
configure:20692: $? = 0
configure:20695: test -s conftest.o
configure:20698: $? = 0
configure:20708: result: yes
configure:20720: checking for type sigaction_t
configure:20740: gcc -c -g -O2 --param max-inline-insns-single=1200 -D_DEFAULT_SOURCE -D_XOPEN_SOURCE=600 -DNDEBUG conftest.c >&5
configure: In function 'main':
configure:20733:1: error: unknown type name 'sigaction_t'
20733 | {
      | ^          
configure:20743: $? = 1
configure: failed program was:
#line 20727 "configure"
#include "confdefs.h"

#include <signal.h>
int
main (void)
{
sigaction_t x
  ;
  return 0;
}
configure:20760: result: no
configure:20767: checking declaration of size-change
configure:20834: gcc -c -g -O2 --param max-inline-insns-single=1200 -D_DEFAULT_SOURCE -D_XOPEN_SOURCE=600 -DNDEBUG conftest.c >&5
configure:20837: $? = 0
configure:20840: test -s conftest.o
configure:20843: $? = 0
size-change succeeded ()
configure:20862: result: yes
configure:20880: checking for memmove
configure:20917: gcc -o conftest -g -O2 --param max-inline-insns-single=1200 -D_DEFAULT_SOURCE -D_XOPEN_SOURCE=600 -DNDEBUG  conftest.c  >&5
configure:20897:6: warning: conflicting types for built-in function 'memmove'; expected 'void *(void *, const void *, long unsigned int)' [-Wbuiltin-declaration-mismatch]
20897 |    builtin and then its argument prototype would still apply.  */
      |      ^~~~~~~
configure:20889:1: note: 'memmove' is declared in header '<string.h>'
20888 | #define memmove autoconf_temporary
  +++ |+#include <string.h>
20889 | #include <limits.h> /* least-intrusive standard header which defines gcc2 __stub macros */
configure:20920: $? = 0
configure:20923: test -s conftest
configure:20926: $? = 0
configure:20936: result: yes
configure:21140: checking if poll really works
configure:21202: gcc -o conftest -g -O2 --param max-inline-insns-single=1200 -D_DEFAULT_SOURCE -D_XOPEN_SOURCE=600 -DNDEBUG  conftest.c  >&5
configure:21205: $? = 0
configure:21207: ./conftest
configure:21210: $? = 0
configure:21222: result: yes
configure:21229: checking for va_copy
configure:21253: gcc -o conftest -g -O2 --param max-inline-insns-single=1200 -D_DEFAULT_SOURCE -D_XOPEN_SOURCE=600 -DNDEBUG  conftest.c  >&5
configure:21256: $? = 0
configure:21259: test -s conftest
configure:21262: $? = 0
configure:21272: result: yes
configure:21502: checking for pid_t
configure:21523: gcc -c -g -O2 --param max-inline-insns-single=1200 -D_DEFAULT_SOURCE -D_XOPEN_SOURCE=600 -DNDEBUG conftest.c >&5
configure:21526: $? = 0
configure:21529: test -s conftest.o
configure:21532: $? = 0
configure:21542: result: yes
configure:21557: checking for unistd.h
configure:21592: result: yes
configure:21557: checking for vfork.h
configure:21567: gcc -E -D_DEFAULT_SOURCE -D_XOPEN_SOURCE=600 -DNDEBUG conftest.c
configure:21564:10: fatal error: vfork.h: No such file or directory
21564 | #include "confdefs.h"
      |          ^~~~~~~~~
compilation terminated.
configure:21573: $? = 1
configure: failed program was:
#line 21563 "configure"
#include "confdefs.h"
#include <vfork.h>
configure:21592: result: no
configure:21605: checking for fork
configure:21642: gcc -o conftest -g -O2 --param max-inline-insns-single=1200 -D_DEFAULT_SOURCE -D_XOPEN_SOURCE=600 -DNDEBUG  conftest.c  >&5
configure:21622:6: warning: conflicting types for built-in function 'fork'; expected 'int(void)' [-Wbuiltin-declaration-mismatch]
21622 |    builtin and then its argument prototype would still apply.  */
      |      ^~~~
configure:21645: $? = 0
configure:21648: test -s conftest
configure:21651: $? = 0
configure:21661: result: yes
configure:21605: checking for vfork
configure:21642: gcc -o conftest -g -O2 --param max-inline-insns-single=1200 -D_DEFAULT_SOURCE -D_XOPEN_SOURCE=600 -DNDEBUG  conftest.c  >&5
configure:21645: $? = 0
configure:21648: test -s conftest
configure:21651: $? = 0
configure:21661: result: yes
configure:21673: checking for working fork
configure:21716: result: yes
configure:21735: checking for working vfork
configure:21861: result: yes
configure:21892: checking if fopen accepts explicit binary mode
configure:21935: gcc -o conftest -g -O2 --param max-inline-insns-single=1200 -D_DEFAULT_SOURCE -D_XOPEN_SOURCE=600 -DNDEBUG  conftest.c  >&5
configure:21938: $? = 0
configure:21940: ./conftest
configure:21943: $? = 0
configure:21956: result: yes
configure:21965: checking for openpty in -lutil
configure:21992: gcc -o conftest -g -O2 --param max-inline-insns-single=1200 -D_DEFAULT_SOURCE -D_XOPEN_SOURCE=600 -DNDEBUG  conftest.c -lutil   >&5
configure:21995: $? = 0
configure:21998: test -s conftest
configure:22001: $? = 0
configure:22012: result: yes
configure:22020: checking for openpty header
configure:22064: gcc -o conftest -g -O2 --param max-inline-insns-single=1200 -D_DEFAULT_SOURCE -D_XOPEN_SOURCE=600 -DNDEBUG  conftest.c -lutil  >&5
configure:22067: $? = 0
configure:22070: test -s conftest
configure:22073: $? = 0
configure:22091: result: pty.h
configure:22733: checking if we should include stdbool.h
configure:22753: gcc -c -O2 --param max-inline-insns-single=1200 -D_DEFAULT_SOURCE -D_XOPEN_SOURCE=600 -DNDEBUG conftest.c >&5
configure: In function 'main':
configure:22746:1: error: unknown type name 'bool'
22746 | {
      | ^   
configure:22746:12: error: 'false' undeclared (first use in this function)
22746 | {
      |            ^    
configure:22746:12: note: each undeclared identifier is reported only once for each function it appears in
configure:22756: $? = 1
configure: failed program was:
#line 22741 "configure"
#include "confdefs.h"

int
main (void)
{
bool foo = false
  ;
  return 0;
}
configure:22785: gcc -c -O2 --param max-inline-insns-single=1200 -D_DEFAULT_SOURCE -D_XOPEN_SOURCE=600 -DNDEBUG conftest.c >&5
configure:22788: $? = 0
configure:22791: test -s conftest.o
configure:22794: $? = 0
configure:22808: result: yes
configure:22814: checking for builtin bool type
configure:22837: gcc -c -O2 --param max-inline-insns-single=1200 -D_DEFAULT_SOURCE -D_XOPEN_SOURCE=600 -DNDEBUG conftest.c >&5
configure: In function 'main':
configure:22830:1: error: unknown type name 'bool'
22830 | {
      | ^   
configure:22830:10: error: 'false' undeclared (first use in this function); did you mean 'fclose'?
22830 | {
      |          ^    
      |          fclose
configure:22830:10: note: each undeclared identifier is reported only once for each function it appears in
configure:22840: $? = 1
configure: failed program was:
#line 22822 "configure"
#include "confdefs.h"

#include <stdio.h>
#include <sys/types.h>

int
main (void)
{
bool x = false
  ;
  return 0;
}
configure:22861: result: no
configure:22878: checking if we already have C++ library
configure:22895: /usr/bin/g++ -o conftest -O2 -D_DEFAULT_SOURCE -D_XOPEN_SOURCE=600 -DNDEBUG  conftest.cc   >&5
configure:22898: $? = 0
configure:22901: test -s conftest
configure:22904: $? = 0
configure:22913: result: yes
configure:23015: checking whether /usr/bin/g++ understands -c and -o together
configure:23030: /usr/bin/g++ -O2 -D_DEFAULT_SOURCE -D_XOPEN_SOURCE=600 -DNDEBUG -c conftest.cc -o conftest2.o >&5
configure:23033: $? = 0
configure:23035: /usr/bin/g++ -O2 -D_DEFAULT_SOURCE -D_XOPEN_SOURCE=600 -DNDEBUG -c conftest.cc -o conftest2.o >&5
configure:23038: $? = 0
configure:23049: result: yes
configure:23225: checking how to run the C++ preprocessor
configure:23247: /usr/bin/g++ -E -D_DEFAULT_SOURCE -D_XOPEN_SOURCE=600 -DNDEBUG conftest.cc
configure:23253: $? = 0
configure:23280: /usr/bin/g++ -E -D_DEFAULT_SOURCE -D_XOPEN_SOURCE=600 -DNDEBUG conftest.cc
configure:23277:10: fatal error: ac_nonexistent.h: No such file or directory
23277 | #include "confdefs.h"
      |          ^~~~~~~~~~~~      
compilation terminated.
configure:23286: $? = 1
configure: failed program was:
#line 23276 "configure"
#include "confdefs.h"
#include <ac_nonexistent.h>
configure:23323: result: /usr/bin/g++ -E
configure:23338: /usr/bin/g++ -E -D_DEFAULT_SOURCE -D_XOPEN_SOURCE=600 -DNDEBUG conftest.cc
configure:23344: $? = 0
configure:23371: /usr/bin/g++ -E -D_DEFAULT_SOURCE -D_XOPEN_SOURCE=600 -DNDEBUG conftest.cc
configure:23368:10: fatal error: ac_nonexistent.h: No such file or directory
23368 | #include "confdefs.h"
      |          ^~~~~~~~~~~~      
compilation terminated.
configure:23377: $? = 1
configure: failed program was:
#line 23367 "configure"
#include "confdefs.h"
#include <ac_nonexistent.h>
configure:23420: checking for typeinfo
configure:23430: /usr/bin/g++ -E -D_DEFAULT_SOURCE -D_XOPEN_SOURCE=600 -DNDEBUG conftest.cc
configure:23436: $? = 0
configure:23455: result: yes
configure:23468: checking for iostream
configure:23478: /usr/bin/g++ -E -D_DEFAULT_SOURCE -D_XOPEN_SOURCE=600 -DNDEBUG conftest.cc
configure:23484: $? = 0
configure:23503: result: yes
configure:23514: checking if iostream uses std-namespace
configure:23534: /usr/bin/g++ -c -O2 -D_DEFAULT_SOURCE -D_XOPEN_SOURCE=600 -DNDEBUG conftest.cc >&5
configure:23537: $? = 0
configure:23540: test -s conftest.o
configure:23543: $? = 0
configure:23552: result: yes
configure:23563: checking if we should include stdbool.h
configure:23638: result: yes
configure:23644: checking for builtin bool type
configure:23667: /usr/bin/g++ -c -O2 -D_DEFAULT_SOURCE -D_XOPEN_SOURCE=600 -DNDEBUG conftest.cc >&5
configure:23670: $? = 0
configure:23673: test -s conftest.o
configure:23676: $? = 0
configure:23689: result: yes
configure:23695: checking for size of bool
configure:23748: /usr/bin/g++ -o conftest -O2 -D_DEFAULT_SOURCE -D_XOPEN_SOURCE=600 -DNDEBUG  conftest.cc  >&5
configure:23751: $? = 0
configure:23753: ./conftest
configure:23756: $? = 0
configure:23774: result: unsigned char
configure:23785: checking for special defines needed for etip.h
configure:23817: /usr/bin/g++ -c -O2 -I./c++ -I./menu -Iinclude -I./include -D_DEFAULT_SOURCE -D_XOPEN_SOURCE=600 -DNDEBUG conftest.cc >&5
configure:23820: $? = 0
configure:23823: test -s conftest.o
configure:23826: $? = 0
configure:23847: result:  
configure:23852: checking if /usr/bin/g++ accepts parameter initialization
configure:23888: /usr/bin/g++ -o conftest -O2 -D_DEFAULT_SOURCE -D_XOPEN_SOURCE=600 -DNDEBUG  conftest.cc  >&5
configure:23879:1: error: default argument given for parameter 1 of 'TEST::TEST(int)' [-fpermissive]
23879 | 
      | ^   
configure:23875:2: note: previous specification in 'TEST::TEST(int)' here
23875 | public:
      |  ^~~~
configure:23891: $? = 1
configure: program exited with status 1
configure: failed program was:
#line 23869 "configure"
#include "confdefs.h"

class TEST {
private:
	int value;
public:
	TEST(int x = 1);
	~TEST();
};

TEST::TEST(int x = 1)	// some compilers do not like second initializer
{
	value = x;
}
int main(void) { }

configure:23915: result: no
configure:23925: checking if /usr/bin/g++ accepts static_cast
configure:23983: /usr/bin/g++ -c -O2 -D_DEFAULT_SOURCE -D_XOPEN_SOURCE=600 -DNDEBUG conftest.cc >&5
configure:23986: $? = 0
configure:23989: test -s conftest.o
configure:23992: $? = 0
configure:24010: result: yes
configure:24202: checking for gnat
configure:24231: result: no
configure:24202: checking for gnatmake
configure:24231: result: no
configure:24202: checking for gprconfig
configure:24231: result: no
configure:24202: checking for gprbuild
configure:24231: result: no
configure:25070: checking for library subsets
configure:25112: result: ticlib+termlib+ext_tinfo+base+ext_funcs
configure:25143: checking default library suffix
configure:25154: result: 
configure:25157: checking default library-dependency suffix
configure:25215: result: .so
configure:25218: checking default object directory
configure:25234: result: obj_s
configure:25238: checking c++ library-dependency suffix
configure:25306: result: .a
configure:25571: checking where we will install curses.h
configure:25581: result: ${prefix}/include
configure:25607: checking for src modules
configure:25672: result: ncurses progs panel menu form
configure:25950: checking for defines to add to ncurses6-config script
configure:25966: result:  -D_DEFAULT_SOURCE -D_XOPEN_SOURCE=600
configure:26054: checking for linker search path
configure:26118: result: /lib/x86_64-linux-gnu /usr/lib/x86_64-linux-gnu /lib64 /usr/lib64 /usr/local/lib /lib /usr/lib
configure:26208: creating ./config.status

## ----------------------- ##
## Running config.status.  ##
## ----------------------- ##

This file was extended by config.status 2.52.20200111, executed with
  CONFIG_FILES    = 
  CONFIG_HEADERS  = 
  CONFIG_LINKS    = 
  CONFIG_COMMANDS = 
  > ./config.status 
on VM-0-3-ubuntu

config.status:27018: creating include/MKterm.h.awk
config.status:27018: creating include/curses.head
config.status:27018: creating include/ncurses_dll.h
config.status:27018: creating include/termcap.h
config.status:27018: creating include/unctrl.h
config.status:27018: creating man/Makefile
config.status:27018: creating include/Makefile
config.status:27018: creating ncurses/Makefile
config.status:27018: creating progs/Makefile
config.status:27018: creating panel/Makefile
config.status:27018: creating menu/Makefile
config.status:27018: creating form/Makefile
config.status:27018: creating test/Makefile
config.status:27018: creating misc/Makefile
config.status:27018: creating c++/Makefile
config.status:27018: creating misc/run_tic.sh
config.status:27018: creating misc/ncurses-config
config.status:27018: creating man/ncurses6-config.1
config.status:27018: creating Makefile
config.status:27171: creating include/ncurses_cfg.h
config.status:27253: include/ncurses_cfg.h is unchanged

## ----------------- ##
## Cache variables.  ##
## ----------------- ##

ac_cv_build='x86_64-pc-linux-gnu'
ac_cv_build_alias='x86_64-pc-linux-gnu'
ac_cv_c_compiler_gnu='yes'
ac_cv_c_const='yes'
ac_cv_c_inline='inline'
ac_cv_cxx_compiler_gnu='yes'
ac_cv_env_CC_set=''
ac_cv_env_CC_value=''
ac_cv_env_CFLAGS_set=''
ac_cv_env_CFLAGS_value=''
ac_cv_env_CPPFLAGS_set=''
ac_cv_env_CPPFLAGS_value=''
ac_cv_env_CPP_set=''
ac_cv_env_CPP_value=''
ac_cv_env_CXXCPP_set=''
ac_cv_env_CXXCPP_value=''
ac_cv_env_CXXFLAGS_set=''
ac_cv_env_CXXFLAGS_value=''
ac_cv_env_CXX_set=''
ac_cv_env_CXX_value=''
ac_cv_env_LDFLAGS_set=''
ac_cv_env_LDFLAGS_value=''
ac_cv_env_build_alias_set=''
ac_cv_env_build_alias_value=''
ac_cv_env_host_alias_set=''
ac_cv_env_host_alias_value=''
ac_cv_env_target_alias_set=''
ac_cv_env_target_alias_value=''
ac_cv_func_fork='yes'
ac_cv_func_fork_works='yes'
ac_cv_func_fseeko='yes'
ac_cv_func_getcwd='yes'
ac_cv_func_getegid='yes'
ac_cv_func_getenv='yes'
ac_cv_func_geteuid='yes'
ac_cv_func_getopt='yes'
ac_cv_func_gettimeofday='yes'
ac_cv_func_getttynam='yes'
ac_cv_func_issetugid='no'
ac_cv_func_link='yes'
ac_cv_func_localeconv='yes'
ac_cv_func_memmove='yes'
ac_cv_func_poll='yes'
ac_cv_func_putenv='yes'
ac_cv_func_regcomp='yes'
ac_cv_func_remove='yes'
ac_cv_func_select='yes'
ac_cv_func_setbuf='yes'
ac_cv_func_setbuffer='yes'
ac_cv_func_setenv='yes'
ac_cv_func_setvbuf='yes'
ac_cv_func_setvbuf_reversed='no'
ac_cv_func_sigaction='yes'
ac_cv_func_sigvec='no'
ac_cv_func_strdup='yes'
ac_cv_func_strstr='yes'
ac_cv_func_symlink='yes'
ac_cv_func_sysconf='yes'
ac_cv_func_tcgetpgrp='yes'
ac_cv_func_times='yes'
ac_cv_func_tsearch='yes'
ac_cv_func_unlink='yes'
ac_cv_func_vfork='yes'
ac_cv_func_vfork_works='yes'
ac_cv_func_vsnprintf='yes'
ac_cv_header_dirent_dirent_h='yes'
ac_cv_header_fcntl_h='yes'
ac_cv_header_getopt_h='yes'
ac_cv_header_gpm_h='no'
ac_cv_header_inttypes_h='yes'
ac_cv_header_iostream='yes'
ac_cv_header_limits_h='yes'
ac_cv_header_locale_h='yes'
ac_cv_header_math_h='yes'
ac_cv_header_memory_h='yes'
ac_cv_header_poll_h='yes'
ac_cv_header_stdc='yes'
ac_cv_header_stdint_h='yes'
ac_cv_header_stdlib_h='yes'
ac_cv_header_string_h='yes'
ac_cv_header_strings_h='yes'
ac_cv_header_sys_bsdtypes_h='no'
ac_cv_header_sys_ioctl_h='yes'
ac_cv_header_sys_param_h='yes'
ac_cv_header_sys_poll_h='yes'
ac_cv_header_sys_select_h='yes'
ac_cv_header_sys_stat_h='yes'
ac_cv_header_sys_termio_h='no'
ac_cv_header_sys_time_h='yes'
ac_cv_header_sys_times_h='yes'
ac_cv_header_sys_types_h='yes'
ac_cv_header_termio_h='yes'
ac_cv_header_termios_h='yes'
ac_cv_header_time='yes'
ac_cv_header_ttyent_h='yes'
ac_cv_header_typeinfo='yes'
ac_cv_header_unistd_h='yes'
ac_cv_header_vfork_h='no'
ac_cv_header_wctype_h='yes'
ac_cv_host='x86_64-pc-linux-gnu'
ac_cv_host_alias='x86_64-pc-linux-gnu'
ac_cv_lib_dir_opendir='no'
ac_cv_lib_util_openpty='yes'
ac_cv_objext='o'
ac_cv_path_CXX='/usr/bin/g++'
ac_cv_path_LDCONFIG='/usr/sbin/ldconfig'
ac_cv_path_ac_pt_PKG_CONFIG='/usr/bin/pkg-config'
ac_cv_path_install='/usr/bin/install -c'
ac_cv_prog_AWK='mawk'
ac_cv_prog_CPP='gcc -E'
ac_cv_prog_CXXCPP='/usr/bin/g++ -E'
ac_cv_prog_MAKE_LOWER_TAGS='no'
ac_cv_prog_MAKE_UPPER_TAGS='no'
ac_cv_prog_ac_ct_AR='ar'
ac_cv_prog_ac_ct_CC='gcc'
ac_cv_prog_ac_ct_CXX='g++'
ac_cv_prog_ac_ct_LD='ld'
ac_cv_prog_ac_ct_NM='nm'
ac_cv_prog_ac_ct_RANLIB='ranlib'
ac_cv_prog_cc_g='yes'
ac_cv_prog_cc_stdc=''
ac_cv_prog_cxx_g='yes'
ac_cv_prog_egrep='grep -E'
ac_cv_prog_gcc_traditional='no'
ac_cv_prog_make_make_set='yes'
ac_cv_sizeof_signed_char='1'
ac_cv_sys_file_offset_bits='no'
ac_cv_sys_large_files='no'
ac_cv_sys_largefile_CC='no'
ac_cv_sys_largefile_source='no'
ac_cv_sys_long_file_names='yes'
ac_cv_target='x86_64-pc-linux-gnu'
ac_cv_target_alias='x86_64-pc-linux-gnu'
ac_cv_type_intptr_t='yes'
ac_cv_type_pid_t='yes'
ac_cv_type_signed_char='yes'
ac_cv_type_ssize_t='yes'
am_cv_langinfo_codeset='yes'
cf_cv_1UL='1U'
cf_cv_PATH_GNAT='no'
cf_cv_PATH_GNATMAKE='no'
cf_cv_PATH_GPRBUILD='no'
cf_cv_PATH_GPRCONFIG='no'
cf_cv_VERSION_GNAT='no'
cf_cv_VERSION_GNATMAKE='no'
cf_cv_VERSION_GPRBUILD='no'
cf_cv_VERSION_GPRCONFIG='no'
cf_cv_abi_version='6'
cf_cv_ar_flags='-curvU'
cf_cv_builtin_bool='1'
cf_cv_cc_bool_type='0'
cf_cv_consistent_getenv='yes'
cf_cv_cpp_param_init='no'
cf_cv_cpp_static_cast='yes'
cf_cv_dcl_environ='no'
cf_cv_dcl_errno='yes'
cf_cv_define_sigwinch='yes'
cf_cv_do_relink='yes'
cf_cv_do_reranlib='yes'
cf_cv_do_symlinks='yes'
cf_cv_enable_lp64='1'
cf_cv_enable_opaque='NCURSES_OPAQUE'
cf_cv_enable_reentrant='0'
cf_cv_enable_rpath='no'
cf_cv_fopen_bin_r='yes'
cf_cv_func_mkstemp='yes'
cf_cv_func_nanosleep='yes'
cf_cv_func_openpty='pty.h'
cf_cv_func_vsscanf='vsscanf'
cf_cv_gcc_inline='yes'
cf_cv_getopt_header='unistd.h'
cf_cv_gnu_dftsrc_219='yes'
cf_cv_gnu_library='yes'
cf_cv_gnu_library_219='yes'
cf_cv_have_environ='yes'
cf_cv_have_errno='no'
cf_cv_have_isascii='yes'
cf_cv_have_tcgetattr='yes'
cf_cv_have_va_copy='yes'
cf_cv_header_stdbool_h='1'
cf_cv_install_p='yes'
cf_cv_ld_searchpath='/lib/x86_64-linux-gnu /usr/lib/x86_64-linux-gnu /lib64 /usr/lib64 /usr/local/lib /lib /usr/lib'
cf_cv_lib_util='yes'
cf_cv_link_dataonly='yes'
cf_cv_link_funcs=' link symlink'
cf_cv_makeflags=''
cf_cv_mixedcase='yes'
cf_cv_need_libm='yes'
cf_cv_posix_visible='no'
cf_cv_prog_CC_c_o='yes'
cf_cv_prog_CXX_c_o='yes'
cf_cv_prog_gnat_correct='no'
cf_cv_regex_hdrs='regex.h'
cf_cv_rel_version='6.2'
cf_cv_rm_so_locs='no'
cf_cv_shared_soname='`basename $@ .${REL_VERSION}`.${ABI_VERSION}'
cf_cv_shlib_version='rel'
cf_cv_shlib_version_infix='no'
cf_cv_sig_atomic_t='volatile sig_atomic_t'
cf_cv_sizechange='yes'
cf_cv_src_modules='ncurses progs panel menu form'
cf_cv_struct_dirent64='no'
cf_cv_sys_time_select='yes'
cf_cv_system_name='linux-gnu'
cf_cv_timestamp='Sun Jul 17 15:34:05 CST 2022'
cf_cv_type_of_bool='unsigned char'
cf_cv_type_sigaction='no'
cf_cv_typeof_chtype='uint32_t'
cf_cv_typeof_mmask_t='uint32_t'
cf_cv_unsigned_literals='yes'
cf_cv_working_poll='yes'

## ------------ ##
## confdefs.h.  ##
## ------------ ##

#define PACKAGE "ncurses"
#define NCURSES_VERSION "6.2"
#define NCURSES_PATCHDATE 20200212
#define SYSTEM_NAME "linux-gnu"
#ifdef __cplusplus
#include <stdlib.h>
#endif
#define HAVE_LONG_FILE_NAMES 1
#define MIXEDCASE_FILENAMES 1
#define TERMINFO_DIRS "/usr/share/terminfo"
#define TERMINFO "/usr/share/terminfo"
#define HAVE_BIG_CORE 1
#define PURE_TERMINFO 1
#define USE_HOME_TERMINFO 1
#define USE_ROOT_ENVIRON 1
#define HAVE_UNISTD_H 1
#define HAVE_REMOVE 1
#define HAVE_UNLINK 1
#define HAVE_LINK 1
#define HAVE_SYMLINK 1
#define USE_LINKS 1
#define HAVE_LANGINFO_CODESET 1
#define HAVE_FSEEKO 1
#define RGB_PATH "/usr/share/X11/rgb.txt"
#define STDC_HEADERS 1
#define HAVE_SYS_TYPES_H 1
#define HAVE_SYS_STAT_H 1
#define HAVE_STDLIB_H 1
#define HAVE_STRING_H 1
#define HAVE_MEMORY_H 1
#define HAVE_STRINGS_H 1
#define HAVE_INTTYPES_H 1
#define HAVE_STDINT_H 1
#define HAVE_UNISTD_H 1
#define SIZEOF_SIGNED_CHAR 1
#define NCURSES_EXT_FUNCS 1
#define HAVE_ASSUME_DEFAULT_COLORS 1
#define HAVE_CURSES_VERSION 1
#define HAVE_HAS_KEY 1
#define HAVE_RESIZETERM 1
#define HAVE_RESIZE_TERM 1
#define HAVE_TERM_ENTRY_H 1
#define HAVE_USE_DEFAULT_COLORS 1
#define HAVE_USE_EXTENDED_NAMES 1
#define HAVE_USE_SCREEN 1
#define HAVE_USE_WINDOW 1
#define HAVE_WRESIZE 1
#define NCURSES_SP_FUNCS 1
#define HAVE_TPUTS_SP 1
#define NCURSES_EXT_PUTWIN 1
#define NCURSES_NO_PADDING 1
#define USE_SIGWINCH 1
#define NCURSES_WRAP_PREFIX "_nc_"
#define USE_ASSUMED_COLOR 1
#define USE_HASHMAP 1
#define GCC_SCANF 1
#define GCC_SCANF 1
#define GCC_SCANFLIKE(fmt,var) __attribute__((format(scanf,fmt,var)))
#define GCC_PRINTF 1
#define GCC_PRINTF 1
#define GCC_PRINTFLIKE(fmt,var) __attribute__((format(printf,fmt,var)))
#define GCC_UNUSED __attribute__((unused))
#define GCC_UNUSED __attribute__((unused))
#define GCC_NORETURN __attribute__((noreturn))
#define GCC_NORETURN __attribute__((noreturn))
#define HAVE_NC_ALLOC_H 1
#define HAVE_GETTIMEOFDAY 1
#define STDC_HEADERS 1
#define HAVE_DIRENT_H 1
#define TIME_WITH_SYS_TIME 1
#define HAVE_REGEX_H_FUNCS 1
#define HAVE_FCNTL_H 1
#define HAVE_GETOPT_H 1
#define HAVE_LIMITS_H 1
#define HAVE_LOCALE_H 1
#define HAVE_MATH_H 1
#define HAVE_POLL_H 1
#define HAVE_SYS_IOCTL_H 1
#define HAVE_SYS_PARAM_H 1
#define HAVE_SYS_POLL_H 1
#define HAVE_SYS_SELECT_H 1
#define HAVE_SYS_TIME_H 1
#define HAVE_SYS_TIMES_H 1
#define HAVE_TTYENT_H 1
#define HAVE_UNISTD_H 1
#define HAVE_WCTYPE_H 1
#define HAVE_UNISTD_H 1
#define HAVE_GETOPT_H 1
#define HAVE_GETOPT_HEADER 1
#define DECL_ENVIRON 1
#define HAVE_ENVIRON 1
#define HAVE_PUTENV 1
#define HAVE_SETENV 1
#define HAVE_STRDUP 1
#define HAVE_SYS_TIME_SELECT 1
#define SIG_ATOMIC_T volatile sig_atomic_t
#define HAVE_GETCWD 1
#define HAVE_GETEGID 1
#define HAVE_GETEUID 1
#define HAVE_GETOPT 1
#define HAVE_GETTTYNAM 1
#define HAVE_LOCALECONV 1
#define HAVE_POLL 1
#define HAVE_PUTENV 1
#define HAVE_REMOVE 1
#define HAVE_SELECT 1
#define HAVE_SETBUF 1
#define HAVE_SETBUFFER 1
#define HAVE_SETENV 1
#define HAVE_SETVBUF 1
#define HAVE_SIGACTION 1
#define HAVE_STRDUP 1
#define HAVE_STRSTR 1
#define HAVE_SYSCONF 1
#define HAVE_TCGETPGRP 1
#define HAVE_TIMES 1
#define HAVE_TSEARCH 1
#define HAVE_VSNPRINTF 1
#define HAVE_ISASCII 1
#define HAVE_NANOSLEEP 1
#define HAVE_TERMIO_H 1
#define HAVE_TERMIOS_H 1
#define HAVE_UNISTD_H 1
#define HAVE_SYS_IOCTL_H 1
#define HAVE_TCGETATTR 1
#define HAVE_VSSCANF 1
#define HAVE_UNISTD_H 1
#define HAVE_MKSTEMP 1
#define HAVE_SIZECHANGE 1
#define HAVE_WORKING_POLL 1
#define HAVE_VA_COPY 1
#define HAVE_UNISTD_H 1
#define HAVE_FORK 1
#define HAVE_VFORK 1
#define HAVE_WORKING_VFORK 1
#define HAVE_WORKING_FORK 1
#define USE_FOPEN_BIN_R 1
#define USE_OPENPTY_HEADER <pty.h>
#define USE_XTERM_PTY 1
#define HAVE_TYPEINFO 1
#define HAVE_IOSTREAM 1
#define IOSTREAM_NAMESPACE 1
#define CPP_HAS_STATIC_CAST 1
#define HAVE_SLK_COLOR 1
#define HAVE_PANEL_H 1
#define HAVE_LIBPANEL 1
#define HAVE_MENU_H 1
#define HAVE_LIBMENU 1
#define HAVE_FORM_H 1
#define HAVE_LIBFORM 1
#define NCURSES_PATHSEP ':'
#define NCURSES_VERSION_STRING "6.2.20200212"
#define NCURSES_OSPEED_COMPAT 1
#define HAVE_CURSES_DATA_BOOLNAMES 1


configure: exit 0
